31-Jan-2017 22:08:49.947 INFO [main] org.apache.catalina.startup.VersionLoggerListener.log Server version:        Apache Tomcat/9.0.0.M17
31-Jan-2017 22:08:49.954 INFO [main] org.apache.catalina.startup.VersionLoggerListener.log Server built:          Jan 10 2017 20:59:20 UTC
31-Jan-2017 22:08:49.954 INFO [main] org.apache.catalina.startup.VersionLoggerListener.log Server number:         9.0.0.0
31-Jan-2017 22:08:49.954 INFO [main] org.apache.catalina.startup.VersionLoggerListener.log OS Name:               Mac OS X
31-Jan-2017 22:08:49.955 INFO [main] org.apache.catalina.startup.VersionLoggerListener.log OS Version:            10.12.2
31-Jan-2017 22:08:49.955 INFO [main] org.apache.catalina.startup.VersionLoggerListener.log Architecture:          x86_64
31-Jan-2017 22:08:49.955 INFO [main] org.apache.catalina.startup.VersionLoggerListener.log Java Home:             /Library/Java/JavaVirtualMachines/jdk1.8.0_111.jdk/Contents/Home/jre
31-Jan-2017 22:08:49.956 INFO [main] org.apache.catalina.startup.VersionLoggerListener.log JVM Version:           1.8.0_111-b14
31-Jan-2017 22:08:49.956 INFO [main] org.apache.catalina.startup.VersionLoggerListener.log JVM Vendor:            Oracle Corporation
31-Jan-2017 22:08:49.957 INFO [main] org.apache.catalina.startup.VersionLoggerListener.log CATALINA_BASE:         /Users/codyperakslis/Code/webjava
31-Jan-2017 22:08:49.957 INFO [main] org.apache.catalina.startup.VersionLoggerListener.log CATALINA_HOME:         /Users/codyperakslis/Code/webjava
31-Jan-2017 22:08:49.962 INFO [main] org.apache.catalina.startup.VersionLoggerListener.log Command line argument: -Djava.util.logging.config.file=/Users/codyperakslis/Code/webjava/conf/logging.properties
31-Jan-2017 22:08:49.963 INFO [main] org.apache.catalina.startup.VersionLoggerListener.log Command line argument: -Djava.util.logging.manager=org.apache.juli.ClassLoaderLogManager
31-Jan-2017 22:08:49.963 INFO [main] org.apache.catalina.startup.VersionLoggerListener.log Command line argument: -Dhttp.nonProxyHosts=localhost|127.0.0.1|x-10-107-15-162.uofm-secure.wireless.umn.edu
31-Jan-2017 22:08:49.965 INFO [main] org.apache.catalina.startup.VersionLoggerListener.log Command line argument: -Djdk.tls.ephemeralDHKeySize=2048
31-Jan-2017 22:08:49.966 INFO [main] org.apache.catalina.startup.VersionLoggerListener.log Command line argument: -Djava.protocol.handler.pkgs=org.apache.catalina.webresources
31-Jan-2017 22:08:49.967 INFO [main] org.apache.catalina.startup.VersionLoggerListener.log Command line argument: -Dcatalina.base=/Users/codyperakslis/Code/webjava
31-Jan-2017 22:08:49.969 INFO [main] org.apache.catalina.startup.VersionLoggerListener.log Command line argument: -Dcatalina.home=/Users/codyperakslis/Code/webjava
31-Jan-2017 22:08:49.969 INFO [main] org.apache.catalina.startup.VersionLoggerListener.log Command line argument: -Djava.io.tmpdir=/Users/codyperakslis/Code/webjava/temp
31-Jan-2017 22:08:49.969 INFO [main] org.apache.catalina.core.AprLifecycleListener.lifecycleEvent The APR based Apache Tomcat Native library which allows optimal performance in production environments was not found on the java.library.path: /Users/codyperakslis/Library/Java/Extensions:/Library/Java/Extensions:/Network/Library/Java/Extensions:/System/Library/Java/Extensions:/usr/lib/java:.
31-Jan-2017 22:08:50.178 INFO [main] org.apache.coyote.AbstractProtocol.init Initializing ProtocolHandler ["http-nio-8080"]
31-Jan-2017 22:08:50.213 INFO [main] org.apache.tomcat.util.net.NioSelectorPool.getSharedSelector Using a shared selector for servlet write/read
31-Jan-2017 22:08:50.216 INFO [main] org.apache.coyote.AbstractProtocol.init Initializing ProtocolHandler ["ajp-nio-8009"]
31-Jan-2017 22:08:50.218 INFO [main] org.apache.tomcat.util.net.NioSelectorPool.getSharedSelector Using a shared selector for servlet write/read
31-Jan-2017 22:08:50.219 INFO [main] org.apache.catalina.startup.Catalina.load Initialization processed in 774 ms
31-Jan-2017 22:08:50.270 INFO [main] org.apache.catalina.core.StandardService.startInternal Starting service Catalina
31-Jan-2017 22:08:50.271 INFO [main] org.apache.catalina.core.StandardEngine.startInternal Starting Servlet Engine: Apache Tomcat/9.0.0.M17
31-Jan-2017 22:08:50.283 INFO [localhost-startStop-1] org.apache.catalina.startup.HostConfig.deployDirectory Deploying web application directory /Users/codyperakslis/Code/webjava/webapps/docs
31-Jan-2017 22:08:50.626 INFO [localhost-startStop-1] org.apache.catalina.startup.HostConfig.deployDirectory Deployment of web application directory /Users/codyperakslis/Code/webjava/webapps/docs has finished in 342 ms
31-Jan-2017 22:08:50.627 INFO [localhost-startStop-1] org.apache.catalina.startup.HostConfig.deployDirectory Deploying web application directory /Users/codyperakslis/Code/webjava/webapps/examples
31-Jan-2017 22:08:50.918 INFO [localhost-startStop-1] org.apache.catalina.startup.HostConfig.deployDirectory Deployment of web application directory /Users/codyperakslis/Code/webjava/webapps/examples has finished in 291 ms
31-Jan-2017 22:08:50.918 INFO [localhost-startStop-1] org.apache.catalina.startup.HostConfig.deployDirectory Deploying web application directory /Users/codyperakslis/Code/webjava/webapps/host-manager
31-Jan-2017 22:08:50.943 INFO [localhost-startStop-1] org.apache.catalina.startup.HostConfig.deployDirectory Deployment of web application directory /Users/codyperakslis/Code/webjava/webapps/host-manager has finished in 25 ms
31-Jan-2017 22:08:50.943 INFO [localhost-startStop-1] org.apache.catalina.startup.HostConfig.deployDirectory Deploying web application directory /Users/codyperakslis/Code/webjava/webapps/manager
31-Jan-2017 22:08:50.969 INFO [localhost-startStop-1] org.apache.catalina.startup.HostConfig.deployDirectory Deployment of web application directory /Users/codyperakslis/Code/webjava/webapps/manager has finished in 26 ms
31-Jan-2017 22:08:50.970 INFO [localhost-startStop-1] org.apache.catalina.startup.HostConfig.deployDirectory Deploying web application directory /Users/codyperakslis/Code/webjava/webapps/ROOT
31-Jan-2017 22:08:50.979 INFO [localhost-startStop-1] org.apache.catalina.startup.HostConfig.deployDirectory Deployment of web application directory /Users/codyperakslis/Code/webjava/webapps/ROOT has finished in 8 ms
31-Jan-2017 22:08:50.981 INFO [main] org.apache.coyote.AbstractProtocol.start Starting ProtocolHandler [http-nio-8080]
31-Jan-2017 22:08:50.987 INFO [main] org.apache.coyote.AbstractProtocol.start Starting ProtocolHandler [ajp-nio-8009]
31-Jan-2017 22:08:50.989 INFO [main] org.apache.catalina.startup.Catalina.start Server startup in 769 ms
31-Jan-2017 22:09:00.028 INFO [http-nio-8080-exec-9] org.apache.catalina.startup.HostConfig.deployDescriptor Deploying configuration descriptor /Users/codyperakslis/Code/webjava/conf/Catalina/localhost/HelloWeb.xml
31-Jan-2017 22:09:00.061 INFO [http-nio-8080-exec-9] org.apache.catalina.startup.HostConfig.deployDescriptor Deployment of configuration descriptor /Users/codyperakslis/Code/webjava/conf/Catalina/localhost/HelloWeb.xml has finished in 33 ms
31-Jan-2017 22:09:00.071 INFO [http-nio-8080-exec-10] org.apache.catalina.util.LifecycleBase.start The start() method was called on component [StandardEngine[Catalina].StandardHost[localhost].StandardContext[/HelloWeb]] after start() had already been called. The second call will be ignored.
31-Jan-2017 22:10:21.678 INFO [main] org.apache.catalina.core.StandardServer.await A valid shutdown command was received via the shutdown port. Stopping the Server instance.
31-Jan-2017 22:10:21.678 INFO [main] org.apache.coyote.AbstractProtocol.pause Pausing ProtocolHandler ["http-nio-8080"]
31-Jan-2017 22:10:21.737 INFO [main] org.apache.coyote.AbstractProtocol.pause Pausing ProtocolHandler ["ajp-nio-8009"]
31-Jan-2017 22:10:21.789 INFO [main] org.apache.catalina.core.StandardService.stopInternal Stopping service Catalina
31-Jan-2017 22:10:21.820 INFO [main] org.apache.coyote.AbstractProtocol.stop Stopping ProtocolHandler ["http-nio-8080"]
31-Jan-2017 22:10:21.822 INFO [main] org.apache.coyote.AbstractProtocol.stop Stopping ProtocolHandler ["ajp-nio-8009"]
31-Jan-2017 22:10:21.823 INFO [main] org.apache.coyote.AbstractProtocol.destroy Destroying ProtocolHandler ["http-nio-8080"]
31-Jan-2017 22:10:21.823 INFO [main] org.apache.coyote.AbstractProtocol.destroy Destroying ProtocolHandler ["ajp-nio-8009"]
31-Jan-2017 22:28:30.499 INFO [main] org.apache.catalina.startup.VersionLoggerListener.log Server version:        Apache Tomcat/9.0.0.M17
31-Jan-2017 22:28:30.501 INFO [main] org.apache.catalina.startup.VersionLoggerListener.log Server built:          Jan 10 2017 20:59:20 UTC
31-Jan-2017 22:28:30.501 INFO [main] org.apache.catalina.startup.VersionLoggerListener.log Server number:         9.0.0.0
31-Jan-2017 22:28:30.501 INFO [main] org.apache.catalina.startup.VersionLoggerListener.log OS Name:               Mac OS X
31-Jan-2017 22:28:30.501 INFO [main] org.apache.catalina.startup.VersionLoggerListener.log OS Version:            10.12.2
31-Jan-2017 22:28:30.501 INFO [main] org.apache.catalina.startup.VersionLoggerListener.log Architecture:          x86_64
31-Jan-2017 22:28:30.501 INFO [main] org.apache.catalina.startup.VersionLoggerListener.log Java Home:             /Library/Java/JavaVirtualMachines/jdk1.8.0_111.jdk/Contents/Home/jre
31-Jan-2017 22:28:30.502 INFO [main] org.apache.catalina.startup.VersionLoggerListener.log JVM Version:           1.8.0_111-b14
31-Jan-2017 22:28:30.502 INFO [main] org.apache.catalina.startup.VersionLoggerListener.log JVM Vendor:            Oracle Corporation
31-Jan-2017 22:28:30.502 INFO [main] org.apache.catalina.startup.VersionLoggerListener.log CATALINA_BASE:         /Users/codyperakslis/Code/webjava
31-Jan-2017 22:28:30.502 INFO [main] org.apache.catalina.startup.VersionLoggerListener.log CATALINA_HOME:         /Users/codyperakslis/Code/webjava
31-Jan-2017 22:28:30.502 INFO [main] org.apache.catalina.startup.VersionLoggerListener.log Command line argument: -Djava.util.logging.config.file=/Users/codyperakslis/Code/webjava/conf/logging.properties
31-Jan-2017 22:28:30.503 INFO [main] org.apache.catalina.startup.VersionLoggerListener.log Command line argument: -Djava.util.logging.manager=org.apache.juli.ClassLoaderLogManager
31-Jan-2017 22:28:30.503 INFO [main] org.apache.catalina.startup.VersionLoggerListener.log Command line argument: -Dhttp.nonProxyHosts=localhost|127.0.0.1|x-10-107-15-162.uofm-secure.wireless.umn.edu
31-Jan-2017 22:28:30.503 INFO [main] org.apache.catalina.startup.VersionLoggerListener.log Command line argument: -Djdk.tls.ephemeralDHKeySize=2048
31-Jan-2017 22:28:30.503 INFO [main] org.apache.catalina.startup.VersionLoggerListener.log Command line argument: -Djava.protocol.handler.pkgs=org.apache.catalina.webresources
31-Jan-2017 22:28:30.503 INFO [main] org.apache.catalina.startup.VersionLoggerListener.log Command line argument: -Dcatalina.base=/Users/codyperakslis/Code/webjava
31-Jan-2017 22:28:30.503 INFO [main] org.apache.catalina.startup.VersionLoggerListener.log Command line argument: -Dcatalina.home=/Users/codyperakslis/Code/webjava
31-Jan-2017 22:28:30.503 INFO [main] org.apache.catalina.startup.VersionLoggerListener.log Command line argument: -Djava.io.tmpdir=/Users/codyperakslis/Code/webjava/temp
31-Jan-2017 22:28:30.503 INFO [main] org.apache.catalina.core.AprLifecycleListener.lifecycleEvent The APR based Apache Tomcat Native library which allows optimal performance in production environments was not found on the java.library.path: /Users/codyperakslis/Library/Java/Extensions:/Library/Java/Extensions:/Network/Library/Java/Extensions:/System/Library/Java/Extensions:/usr/lib/java:.
31-Jan-2017 22:28:30.657 INFO [main] org.apache.coyote.AbstractProtocol.init Initializing ProtocolHandler ["http-nio-8080"]
31-Jan-2017 22:28:30.686 INFO [main] org.apache.tomcat.util.net.NioSelectorPool.getSharedSelector Using a shared selector for servlet write/read
31-Jan-2017 22:28:30.689 INFO [main] org.apache.coyote.AbstractProtocol.init Initializing ProtocolHandler ["ajp-nio-8009"]
31-Jan-2017 22:28:30.692 INFO [main] org.apache.tomcat.util.net.NioSelectorPool.getSharedSelector Using a shared selector for servlet write/read
31-Jan-2017 22:28:30.693 INFO [main] org.apache.catalina.startup.Catalina.load Initialization processed in 621 ms
31-Jan-2017 22:28:30.735 INFO [main] org.apache.catalina.core.StandardService.startInternal Starting service Catalina
31-Jan-2017 22:28:30.735 INFO [main] org.apache.catalina.core.StandardEngine.startInternal Starting Servlet Engine: Apache Tomcat/9.0.0.M17
31-Jan-2017 22:28:30.745 INFO [localhost-startStop-1] org.apache.catalina.startup.HostConfig.deployDescriptor Deploying configuration descriptor /Users/codyperakslis/Code/webjava/conf/Catalina/localhost/HelloWeb.xml
31-Jan-2017 22:28:31.127 INFO [localhost-startStop-1] org.apache.catalina.startup.HostConfig.deployDescriptor Deployment of configuration descriptor /Users/codyperakslis/Code/webjava/conf/Catalina/localhost/HelloWeb.xml has finished in 382 ms
31-Jan-2017 22:28:31.128 INFO [localhost-startStop-1] org.apache.catalina.startup.HostConfig.deployDirectory Deploying web application directory /Users/codyperakslis/Code/webjava/webapps/docs
31-Jan-2017 22:28:31.168 INFO [localhost-startStop-1] org.apache.catalina.startup.HostConfig.deployDirectory Deployment of web application directory /Users/codyperakslis/Code/webjava/webapps/docs has finished in 40 ms
31-Jan-2017 22:28:31.168 INFO [localhost-startStop-1] org.apache.catalina.startup.HostConfig.deployDirectory Deploying web application directory /Users/codyperakslis/Code/webjava/webapps/examples
31-Jan-2017 22:28:31.436 INFO [localhost-startStop-1] org.apache.catalina.startup.HostConfig.deployDirectory Deployment of web application directory /Users/codyperakslis/Code/webjava/webapps/examples has finished in 268 ms
31-Jan-2017 22:28:31.436 INFO [localhost-startStop-1] org.apache.catalina.startup.HostConfig.deployDirectory Deploying web application directory /Users/codyperakslis/Code/webjava/webapps/host-manager
31-Jan-2017 22:28:31.469 INFO [localhost-startStop-1] org.apache.catalina.startup.HostConfig.deployDirectory Deployment of web application directory /Users/codyperakslis/Code/webjava/webapps/host-manager has finished in 33 ms
31-Jan-2017 22:28:31.470 INFO [localhost-startStop-1] org.apache.catalina.startup.HostConfig.deployDirectory Deploying web application directory /Users/codyperakslis/Code/webjava/webapps/manager
31-Jan-2017 22:28:31.494 INFO [localhost-startStop-1] org.apache.catalina.startup.HostConfig.deployDirectory Deployment of web application directory /Users/codyperakslis/Code/webjava/webapps/manager has finished in 24 ms
31-Jan-2017 22:28:31.494 INFO [localhost-startStop-1] org.apache.catalina.startup.HostConfig.deployDirectory Deploying web application directory /Users/codyperakslis/Code/webjava/webapps/ROOT
31-Jan-2017 22:28:31.513 INFO [localhost-startStop-1] org.apache.catalina.startup.HostConfig.deployDirectory Deployment of web application directory /Users/codyperakslis/Code/webjava/webapps/ROOT has finished in 19 ms
31-Jan-2017 22:28:31.517 INFO [main] org.apache.coyote.AbstractProtocol.start Starting ProtocolHandler [http-nio-8080]
31-Jan-2017 22:28:31.525 INFO [main] org.apache.coyote.AbstractProtocol.start Starting ProtocolHandler [ajp-nio-8009]
31-Jan-2017 22:28:31.527 INFO [main] org.apache.catalina.startup.Catalina.start Server startup in 834 ms
31-Jan-2017 22:28:31.780 INFO [http-nio-8080-exec-3] org.apache.catalina.startup.HostConfig.deployDescriptor Deploying configuration descriptor /Users/codyperakslis/Code/webjava/conf/Catalina/localhost/WhiteBoardApp.xml
31-Jan-2017 22:28:31.801 INFO [http-nio-8080-exec-3] org.apache.catalina.startup.HostConfig.deployDescriptor Deployment of configuration descriptor /Users/codyperakslis/Code/webjava/conf/Catalina/localhost/WhiteBoardApp.xml has finished in 21 ms
31-Jan-2017 22:28:31.808 INFO [http-nio-8080-exec-4] org.apache.catalina.util.LifecycleBase.start The start() method was called on component [StandardEngine[Catalina].StandardHost[localhost].StandardContext[/WhiteBoardApp]] after start() had already been called. The second call will be ignored.
31-Jan-2017 22:29:12.463 SEVERE [http-nio-8080-exec-4] org.apache.tomcat.websocket.pojo.PojoEndpointBase.onError No error handling configured for [org.sample.whiteboardapp.MyWhiteBoard] and the following error occurred
 java.io.EOFException
	at org.apache.tomcat.util.net.NioEndpoint$NioSocketWrapper.fillReadBuffer(NioEndpoint.java:1134)
	at org.apache.tomcat.util.net.NioEndpoint$NioSocketWrapper.read(NioEndpoint.java:1074)
	at org.apache.tomcat.websocket.server.WsFrameServer.onDataAvailable(WsFrameServer.java:63)
	at org.apache.tomcat.websocket.server.WsHttpUpgradeHandler.upgradeDispatch(WsHttpUpgradeHandler.java:148)
	at org.apache.coyote.http11.upgrade.UpgradeProcessorInternal.dispatch(UpgradeProcessorInternal.java:54)
	at org.apache.coyote.AbstractProcessorLight.process(AbstractProcessorLight.java:53)
	at org.apache.coyote.AbstractProtocol$ConnectionHandler.process(AbstractProtocol.java:767)
	at org.apache.tomcat.util.net.NioEndpoint$SocketProcessor.doRun(NioEndpoint.java:1347)
	at org.apache.tomcat.util.net.SocketProcessorBase.run(SocketProcessorBase.java:49)
	at java.util.concurrent.ThreadPoolExecutor.runWorker(ThreadPoolExecutor.java:1142)
	at java.util.concurrent.ThreadPoolExecutor$Worker.run(ThreadPoolExecutor.java:617)
	at org.apache.tomcat.util.threads.TaskThread$WrappingRunnable.run(TaskThread.java:61)
	at java.lang.Thread.run(Thread.java:745)

31-Jan-2017 22:29:32.139 SEVERE [http-nio-8080-exec-2] org.apache.tomcat.websocket.pojo.PojoEndpointBase.onError No error handling configured for [org.sample.whiteboardapp.MyWhiteBoard] and the following error occurred
 java.io.EOFException
	at org.apache.tomcat.util.net.NioEndpoint$NioSocketWrapper.fillReadBuffer(NioEndpoint.java:1134)
	at org.apache.tomcat.util.net.NioEndpoint$NioSocketWrapper.read(NioEndpoint.java:1074)
	at org.apache.tomcat.websocket.server.WsFrameServer.onDataAvailable(WsFrameServer.java:63)
	at org.apache.tomcat.websocket.server.WsHttpUpgradeHandler.upgradeDispatch(WsHttpUpgradeHandler.java:148)
	at org.apache.coyote.http11.upgrade.UpgradeProcessorInternal.dispatch(UpgradeProcessorInternal.java:54)
	at org.apache.coyote.AbstractProcessorLight.process(AbstractProcessorLight.java:53)
	at org.apache.coyote.AbstractProtocol$ConnectionHandler.process(AbstractProtocol.java:767)
	at org.apache.tomcat.util.net.NioEndpoint$SocketProcessor.doRun(NioEndpoint.java:1347)
	at org.apache.tomcat.util.net.SocketProcessorBase.run(SocketProcessorBase.java:49)
	at java.util.concurrent.ThreadPoolExecutor.runWorker(ThreadPoolExecutor.java:1142)
	at java.util.concurrent.ThreadPoolExecutor$Worker.run(ThreadPoolExecutor.java:617)
	at org.apache.tomcat.util.threads.TaskThread$WrappingRunnable.run(TaskThread.java:61)
	at java.lang.Thread.run(Thread.java:745)

31-Jan-2017 22:29:32.139 SEVERE [http-nio-8080-exec-1] org.apache.tomcat.websocket.pojo.PojoEndpointBase.onError No error handling configured for [org.sample.whiteboardapp.MyWhiteBoard] and the following error occurred
 java.io.EOFException
	at org.apache.tomcat.util.net.NioEndpoint$NioSocketWrapper.fillReadBuffer(NioEndpoint.java:1134)
	at org.apache.tomcat.util.net.NioEndpoint$NioSocketWrapper.read(NioEndpoint.java:1074)
	at org.apache.tomcat.websocket.server.WsFrameServer.onDataAvailable(WsFrameServer.java:63)
	at org.apache.tomcat.websocket.server.WsHttpUpgradeHandler.upgradeDispatch(WsHttpUpgradeHandler.java:148)
	at org.apache.coyote.http11.upgrade.UpgradeProcessorInternal.dispatch(UpgradeProcessorInternal.java:54)
	at org.apache.coyote.AbstractProcessorLight.process(AbstractProcessorLight.java:53)
	at org.apache.coyote.AbstractProtocol$ConnectionHandler.process(AbstractProtocol.java:767)
	at org.apache.tomcat.util.net.NioEndpoint$SocketProcessor.doRun(NioEndpoint.java:1347)
	at org.apache.tomcat.util.net.SocketProcessorBase.run(SocketProcessorBase.java:49)
	at java.util.concurrent.ThreadPoolExecutor.runWorker(ThreadPoolExecutor.java:1142)
	at java.util.concurrent.ThreadPoolExecutor$Worker.run(ThreadPoolExecutor.java:617)
	at org.apache.tomcat.util.threads.TaskThread$WrappingRunnable.run(TaskThread.java:61)
	at java.lang.Thread.run(Thread.java:745)

31-Jan-2017 22:34:32.626 INFO [http-nio-8080-exec-5] org.apache.catalina.core.StandardContext.reload Reloading Context with name [/WhiteBoardApp] has started
31-Jan-2017 22:34:32.664 INFO [http-nio-8080-exec-5] org.apache.catalina.core.StandardContext.reload Reloading Context with name [/WhiteBoardApp] is completed
31-Jan-2017 22:34:56.512 INFO [http-nio-8080-exec-10] org.apache.catalina.core.StandardContext.reload Reloading Context with name [/WhiteBoardApp] has started
31-Jan-2017 22:34:56.528 INFO [http-nio-8080-exec-10] org.apache.catalina.core.StandardContext.reload Reloading Context with name [/WhiteBoardApp] is completed
31-Jan-2017 22:36:10.738 INFO [http-nio-8080-exec-12] org.apache.catalina.core.StandardContext.reload Reloading Context with name [/WhiteBoardApp] has started
31-Jan-2017 22:36:10.753 INFO [http-nio-8080-exec-12] org.apache.catalina.core.StandardContext.reload Reloading Context with name [/WhiteBoardApp] is completed
31-Jan-2017 22:44:22.912 INFO [http-nio-8080-exec-18] org.apache.catalina.core.StandardContext.reload Reloading Context with name [/WhiteBoardApp] has started
31-Jan-2017 22:44:22.929 INFO [http-nio-8080-exec-18] org.apache.catalina.core.StandardContext.reload Reloading Context with name [/WhiteBoardApp] is completed
31-Jan-2017 22:44:23.675 INFO [main] org.apache.catalina.core.StandardServer.await A valid shutdown command was received via the shutdown port. Stopping the Server instance.
31-Jan-2017 22:44:23.675 INFO [main] org.apache.coyote.AbstractProtocol.pause Pausing ProtocolHandler ["http-nio-8080"]
31-Jan-2017 22:44:23.732 INFO [main] org.apache.coyote.AbstractProtocol.pause Pausing ProtocolHandler ["ajp-nio-8009"]
31-Jan-2017 22:44:23.788 INFO [main] org.apache.catalina.core.StandardService.stopInternal Stopping service Catalina
31-Jan-2017 22:44:23.805 INFO [main] org.apache.coyote.AbstractProtocol.stop Stopping ProtocolHandler ["http-nio-8080"]
31-Jan-2017 22:44:23.807 INFO [main] org.apache.coyote.AbstractProtocol.stop Stopping ProtocolHandler ["ajp-nio-8009"]
31-Jan-2017 22:44:23.808 INFO [main] org.apache.coyote.AbstractProtocol.destroy Destroying ProtocolHandler ["http-nio-8080"]
31-Jan-2017 22:44:23.808 INFO [main] org.apache.coyote.AbstractProtocol.destroy Destroying ProtocolHandler ["ajp-nio-8009"]
31-Jan-2017 23:10:27.592 INFO [main] org.apache.catalina.startup.VersionLoggerListener.log Server version:        Apache Tomcat/9.0.0.M17
31-Jan-2017 23:10:27.594 INFO [main] org.apache.catalina.startup.VersionLoggerListener.log Server built:          Jan 10 2017 20:59:20 UTC
31-Jan-2017 23:10:27.594 INFO [main] org.apache.catalina.startup.VersionLoggerListener.log Server number:         9.0.0.0
31-Jan-2017 23:10:27.595 INFO [main] org.apache.catalina.startup.VersionLoggerListener.log OS Name:               Mac OS X
31-Jan-2017 23:10:27.595 INFO [main] org.apache.catalina.startup.VersionLoggerListener.log OS Version:            10.12.2
31-Jan-2017 23:10:27.595 INFO [main] org.apache.catalina.startup.VersionLoggerListener.log Architecture:          x86_64
31-Jan-2017 23:10:27.595 INFO [main] org.apache.catalina.startup.VersionLoggerListener.log Java Home:             /Library/Java/JavaVirtualMachines/jdk1.8.0_111.jdk/Contents/Home/jre
31-Jan-2017 23:10:27.595 INFO [main] org.apache.catalina.startup.VersionLoggerListener.log JVM Version:           1.8.0_111-b14
31-Jan-2017 23:10:27.595 INFO [main] org.apache.catalina.startup.VersionLoggerListener.log JVM Vendor:            Oracle Corporation
31-Jan-2017 23:10:27.595 INFO [main] org.apache.catalina.startup.VersionLoggerListener.log CATALINA_BASE:         /Users/codyperakslis/Code/webjava
31-Jan-2017 23:10:27.595 INFO [main] org.apache.catalina.startup.VersionLoggerListener.log CATALINA_HOME:         /Users/codyperakslis/Code/webjava
31-Jan-2017 23:10:27.596 INFO [main] org.apache.catalina.startup.VersionLoggerListener.log Command line argument: -Djava.util.logging.config.file=/Users/codyperakslis/Code/webjava/conf/logging.properties
31-Jan-2017 23:10:27.596 INFO [main] org.apache.catalina.startup.VersionLoggerListener.log Command line argument: -Djava.util.logging.manager=org.apache.juli.ClassLoaderLogManager
31-Jan-2017 23:10:27.596 INFO [main] org.apache.catalina.startup.VersionLoggerListener.log Command line argument: -Dhttp.nonProxyHosts=localhost|127.0.0.1|x-10-107-15-162.uofm-secure.wireless.umn.edu
31-Jan-2017 23:10:27.596 INFO [main] org.apache.catalina.startup.VersionLoggerListener.log Command line argument: -Djdk.tls.ephemeralDHKeySize=2048
31-Jan-2017 23:10:27.596 INFO [main] org.apache.catalina.startup.VersionLoggerListener.log Command line argument: -Djava.protocol.handler.pkgs=org.apache.catalina.webresources
31-Jan-2017 23:10:27.596 INFO [main] org.apache.catalina.startup.VersionLoggerListener.log Command line argument: -Dcatalina.base=/Users/codyperakslis/Code/webjava
31-Jan-2017 23:10:27.596 INFO [main] org.apache.catalina.startup.VersionLoggerListener.log Command line argument: -Dcatalina.home=/Users/codyperakslis/Code/webjava
31-Jan-2017 23:10:27.596 INFO [main] org.apache.catalina.startup.VersionLoggerListener.log Command line argument: -Djava.io.tmpdir=/Users/codyperakslis/Code/webjava/temp
31-Jan-2017 23:10:27.596 INFO [main] org.apache.catalina.core.AprLifecycleListener.lifecycleEvent The APR based Apache Tomcat Native library which allows optimal performance in production environments was not found on the java.library.path: /Users/codyperakslis/Library/Java/Extensions:/Library/Java/Extensions:/Network/Library/Java/Extensions:/System/Library/Java/Extensions:/usr/lib/java:.
31-Jan-2017 23:10:27.731 INFO [main] org.apache.coyote.AbstractProtocol.init Initializing ProtocolHandler ["http-nio-8080"]
31-Jan-2017 23:10:27.773 INFO [main] org.apache.tomcat.util.net.NioSelectorPool.getSharedSelector Using a shared selector for servlet write/read
31-Jan-2017 23:10:27.776 INFO [main] org.apache.coyote.AbstractProtocol.init Initializing ProtocolHandler ["ajp-nio-8009"]
31-Jan-2017 23:10:27.778 INFO [main] org.apache.tomcat.util.net.NioSelectorPool.getSharedSelector Using a shared selector for servlet write/read
31-Jan-2017 23:10:27.779 INFO [main] org.apache.catalina.startup.Catalina.load Initialization processed in 553 ms
31-Jan-2017 23:10:27.811 INFO [main] org.apache.catalina.core.StandardService.startInternal Starting service Catalina
31-Jan-2017 23:10:27.811 INFO [main] org.apache.catalina.core.StandardEngine.startInternal Starting Servlet Engine: Apache Tomcat/9.0.0.M17
31-Jan-2017 23:10:27.821 INFO [localhost-startStop-1] org.apache.catalina.startup.HostConfig.deployDescriptor Deploying configuration descriptor /Users/codyperakslis/Code/webjava/conf/Catalina/localhost/HelloWeb.xml
31-Jan-2017 23:10:28.130 INFO [localhost-startStop-1] org.apache.jasper.servlet.TldScanner.scanJars At least one JAR was scanned for TLDs yet contained no TLDs. Enable debug logging for this logger for a complete list of JARs that were scanned but no TLDs were found in them. Skipping unneeded JARs during scanning can improve startup time and JSP compilation time.
31-Jan-2017 23:10:28.197 INFO [localhost-startStop-1] org.apache.catalina.startup.HostConfig.deployDescriptor Deployment of configuration descriptor /Users/codyperakslis/Code/webjava/conf/Catalina/localhost/HelloWeb.xml has finished in 376 ms
31-Jan-2017 23:10:28.197 INFO [localhost-startStop-1] org.apache.catalina.startup.HostConfig.deployDescriptor Deploying configuration descriptor /Users/codyperakslis/Code/webjava/conf/Catalina/localhost/WhiteBoardApp.xml
31-Jan-2017 23:10:28.254 INFO [localhost-startStop-1] org.apache.jasper.servlet.TldScanner.scanJars At least one JAR was scanned for TLDs yet contained no TLDs. Enable debug logging for this logger for a complete list of JARs that were scanned but no TLDs were found in them. Skipping unneeded JARs during scanning can improve startup time and JSP compilation time.
31-Jan-2017 23:10:28.281 INFO [localhost-startStop-1] org.apache.catalina.startup.HostConfig.deployDescriptor Deployment of configuration descriptor /Users/codyperakslis/Code/webjava/conf/Catalina/localhost/WhiteBoardApp.xml has finished in 83 ms
31-Jan-2017 23:10:28.282 INFO [localhost-startStop-1] org.apache.catalina.startup.HostConfig.deployDirectory Deploying web application directory /Users/codyperakslis/Code/webjava/webapps/docs
31-Jan-2017 23:10:28.381 INFO [localhost-startStop-1] org.apache.jasper.servlet.TldScanner.scanJars At least one JAR was scanned for TLDs yet contained no TLDs. Enable debug logging for this logger for a complete list of JARs that were scanned but no TLDs were found in them. Skipping unneeded JARs during scanning can improve startup time and JSP compilation time.
31-Jan-2017 23:10:28.384 INFO [localhost-startStop-1] org.apache.catalina.startup.HostConfig.deployDirectory Deployment of web application directory /Users/codyperakslis/Code/webjava/webapps/docs has finished in 102 ms
31-Jan-2017 23:10:28.384 INFO [localhost-startStop-1] org.apache.catalina.startup.HostConfig.deployDirectory Deploying web application directory /Users/codyperakslis/Code/webjava/webapps/examples
31-Jan-2017 23:10:28.564 INFO [localhost-startStop-1] org.apache.jasper.servlet.TldScanner.scanJars At least one JAR was scanned for TLDs yet contained no TLDs. Enable debug logging for this logger for a complete list of JARs that were scanned but no TLDs were found in them. Skipping unneeded JARs during scanning can improve startup time and JSP compilation time.
31-Jan-2017 23:10:28.595 INFO [localhost-startStop-1] org.apache.catalina.startup.HostConfig.deployDirectory Deployment of web application directory /Users/codyperakslis/Code/webjava/webapps/examples has finished in 211 ms
31-Jan-2017 23:10:28.595 INFO [localhost-startStop-1] org.apache.catalina.startup.HostConfig.deployDirectory Deploying web application directory /Users/codyperakslis/Code/webjava/webapps/host-manager
31-Jan-2017 23:10:28.663 INFO [localhost-startStop-1] org.apache.jasper.servlet.TldScanner.scanJars At least one JAR was scanned for TLDs yet contained no TLDs. Enable debug logging for this logger for a complete list of JARs that were scanned but no TLDs were found in them. Skipping unneeded JARs during scanning can improve startup time and JSP compilation time.
31-Jan-2017 23:10:28.669 INFO [localhost-startStop-1] org.apache.catalina.startup.HostConfig.deployDirectory Deployment of web application directory /Users/codyperakslis/Code/webjava/webapps/host-manager has finished in 74 ms
31-Jan-2017 23:10:28.670 INFO [localhost-startStop-1] org.apache.catalina.startup.HostConfig.deployDirectory Deploying web application directory /Users/codyperakslis/Code/webjava/webapps/manager
31-Jan-2017 23:10:28.732 INFO [localhost-startStop-1] org.apache.jasper.servlet.TldScanner.scanJars At least one JAR was scanned for TLDs yet contained no TLDs. Enable debug logging for this logger for a complete list of JARs that were scanned but no TLDs were found in them. Skipping unneeded JARs during scanning can improve startup time and JSP compilation time.
31-Jan-2017 23:10:28.736 INFO [localhost-startStop-1] org.apache.catalina.startup.HostConfig.deployDirectory Deployment of web application directory /Users/codyperakslis/Code/webjava/webapps/manager has finished in 65 ms
31-Jan-2017 23:10:28.736 INFO [localhost-startStop-1] org.apache.catalina.startup.HostConfig.deployDirectory Deploying web application directory /Users/codyperakslis/Code/webjava/webapps/ROOT
31-Jan-2017 23:10:28.779 INFO [localhost-startStop-1] org.apache.jasper.servlet.TldScanner.scanJars At least one JAR was scanned for TLDs yet contained no TLDs. Enable debug logging for this logger for a complete list of JARs that were scanned but no TLDs were found in them. Skipping unneeded JARs during scanning can improve startup time and JSP compilation time.
31-Jan-2017 23:10:28.782 INFO [localhost-startStop-1] org.apache.catalina.startup.HostConfig.deployDirectory Deployment of web application directory /Users/codyperakslis/Code/webjava/webapps/ROOT has finished in 46 ms
31-Jan-2017 23:10:28.787 INFO [main] org.apache.coyote.AbstractProtocol.start Starting ProtocolHandler [http-nio-8080]
31-Jan-2017 23:10:28.795 INFO [main] org.apache.coyote.AbstractProtocol.start Starting ProtocolHandler [ajp-nio-8009]
31-Jan-2017 23:10:28.796 INFO [main] org.apache.catalina.startup.Catalina.start Server startup in 1017 ms
31-Jan-2017 23:10:31.023 INFO [http-nio-8080-exec-9] org.apache.catalina.core.StandardContext.reload Reloading Context with name [/WhiteBoardApp] has started
31-Jan-2017 23:10:31.059 INFO [http-nio-8080-exec-9] org.apache.jasper.servlet.TldScanner.scanJars At least one JAR was scanned for TLDs yet contained no TLDs. Enable debug logging for this logger for a complete list of JARs that were scanned but no TLDs were found in them. Skipping unneeded JARs during scanning can improve startup time and JSP compilation time.
31-Jan-2017 23:10:31.065 INFO [http-nio-8080-exec-9] org.apache.catalina.core.StandardContext.reload Reloading Context with name [/WhiteBoardApp] is completed
31-Jan-2017 23:11:17.564 SEVERE [http-nio-8080-exec-14] org.apache.tomcat.websocket.pojo.PojoEndpointBase.onError No error handling configured for [org.sample.whiteboardapp.MyWhiteBoard] and the following error occurred
 java.io.EOFException
	at org.apache.tomcat.util.net.NioEndpoint$NioSocketWrapper.fillReadBuffer(NioEndpoint.java:1134)
	at org.apache.tomcat.util.net.NioEndpoint$NioSocketWrapper.read(NioEndpoint.java:1074)
	at org.apache.tomcat.websocket.server.WsFrameServer.onDataAvailable(WsFrameServer.java:63)
	at org.apache.tomcat.websocket.server.WsHttpUpgradeHandler.upgradeDispatch(WsHttpUpgradeHandler.java:148)
	at org.apache.coyote.http11.upgrade.UpgradeProcessorInternal.dispatch(UpgradeProcessorInternal.java:54)
	at org.apache.coyote.AbstractProcessorLight.process(AbstractProcessorLight.java:53)
	at org.apache.coyote.AbstractProtocol$ConnectionHandler.process(AbstractProtocol.java:767)
	at org.apache.tomcat.util.net.NioEndpoint$SocketProcessor.doRun(NioEndpoint.java:1347)
	at org.apache.tomcat.util.net.SocketProcessorBase.run(SocketProcessorBase.java:49)
	at java.util.concurrent.ThreadPoolExecutor.runWorker(ThreadPoolExecutor.java:1142)
	at java.util.concurrent.ThreadPoolExecutor$Worker.run(ThreadPoolExecutor.java:617)
	at org.apache.tomcat.util.threads.TaskThread$WrappingRunnable.run(TaskThread.java:61)
	at java.lang.Thread.run(Thread.java:745)

31-Jan-2017 23:12:17.883 SEVERE [http-nio-8080-exec-16] org.apache.tomcat.websocket.pojo.PojoEndpointBase.onError No error handling configured for [org.sample.whiteboardapp.MyWhiteBoard] and the following error occurred
 java.lang.RuntimeException: Uncompilable source code - Erroneous sym type: org.sample.whiteboardapp.Figure.getJson.toString
	at org.sample.whiteboardapp.FigureEncoder.encode(FigureEncoder.java:23)
	at org.sample.whiteboardapp.FigureEncoder.encode(FigureEncoder.java:19)
	at org.apache.tomcat.websocket.WsRemoteEndpointImplBase.sendObject(WsRemoteEndpointImplBase.java:585)
	at org.apache.tomcat.websocket.WsRemoteEndpointBasic.sendObject(WsRemoteEndpointBasic.java:74)
	at org.sample.whiteboardapp.MyWhiteBoard.broadcastFigure(MyWhiteBoard.java:32)
	at sun.reflect.GeneratedMethodAccessor35.invoke(Unknown Source)
	at sun.reflect.DelegatingMethodAccessorImpl.invoke(DelegatingMethodAccessorImpl.java:43)
	at java.lang.reflect.Method.invoke(Method.java:498)
	at org.apache.tomcat.websocket.pojo.PojoMessageHandlerWholeBase.onMessage(PojoMessageHandlerWholeBase.java:80)
	at org.apache.tomcat.websocket.WsFrameBase.sendMessageText(WsFrameBase.java:399)
	at org.apache.tomcat.websocket.server.WsFrameServer.sendMessageText(WsFrameServer.java:110)
	at org.apache.tomcat.websocket.WsFrameBase.processDataText(WsFrameBase.java:500)
	at org.apache.tomcat.websocket.WsFrameBase.processData(WsFrameBase.java:295)
	at org.apache.tomcat.websocket.WsFrameBase.processInputBuffer(WsFrameBase.java:130)
	at org.apache.tomcat.websocket.server.WsFrameServer.onDataAvailable(WsFrameServer.java:73)
	at org.apache.tomcat.websocket.server.WsHttpUpgradeHandler.upgradeDispatch(WsHttpUpgradeHandler.java:148)
	at org.apache.coyote.http11.upgrade.UpgradeProcessorInternal.dispatch(UpgradeProcessorInternal.java:54)
	at org.apache.coyote.AbstractProcessorLight.process(AbstractProcessorLight.java:53)
	at org.apache.coyote.AbstractProtocol$ConnectionHandler.process(AbstractProtocol.java:767)
	at org.apache.tomcat.util.net.NioEndpoint$SocketProcessor.doRun(NioEndpoint.java:1347)
	at org.apache.tomcat.util.net.SocketProcessorBase.run(SocketProcessorBase.java:49)
	at java.util.concurrent.ThreadPoolExecutor.runWorker(ThreadPoolExecutor.java:1142)
	at java.util.concurrent.ThreadPoolExecutor$Worker.run(ThreadPoolExecutor.java:617)
	at org.apache.tomcat.util.threads.TaskThread$WrappingRunnable.run(TaskThread.java:61)
	at java.lang.Thread.run(Thread.java:745)

31-Jan-2017 23:12:20.168 SEVERE [http-nio-8080-exec-17] org.apache.tomcat.websocket.pojo.PojoEndpointBase.onError No error handling configured for [org.sample.whiteboardapp.MyWhiteBoard] and the following error occurred
 java.lang.RuntimeException: Uncompilable source code - Erroneous sym type: org.sample.whiteboardapp.Figure.getJson.toString
	at org.sample.whiteboardapp.FigureEncoder.encode(FigureEncoder.java:23)
	at org.sample.whiteboardapp.FigureEncoder.encode(FigureEncoder.java:19)
	at org.apache.tomcat.websocket.WsRemoteEndpointImplBase.sendObject(WsRemoteEndpointImplBase.java:585)
	at org.apache.tomcat.websocket.WsRemoteEndpointBasic.sendObject(WsRemoteEndpointBasic.java:74)
	at org.sample.whiteboardapp.MyWhiteBoard.broadcastFigure(MyWhiteBoard.java:32)
	at sun.reflect.GeneratedMethodAccessor35.invoke(Unknown Source)
	at sun.reflect.DelegatingMethodAccessorImpl.invoke(DelegatingMethodAccessorImpl.java:43)
	at java.lang.reflect.Method.invoke(Method.java:498)
	at org.apache.tomcat.websocket.pojo.PojoMessageHandlerWholeBase.onMessage(PojoMessageHandlerWholeBase.java:80)
	at org.apache.tomcat.websocket.WsFrameBase.sendMessageText(WsFrameBase.java:399)
	at org.apache.tomcat.websocket.server.WsFrameServer.sendMessageText(WsFrameServer.java:110)
	at org.apache.tomcat.websocket.WsFrameBase.processDataText(WsFrameBase.java:500)
	at org.apache.tomcat.websocket.WsFrameBase.processData(WsFrameBase.java:295)
	at org.apache.tomcat.websocket.WsFrameBase.processInputBuffer(WsFrameBase.java:130)
	at org.apache.tomcat.websocket.server.WsFrameServer.onDataAvailable(WsFrameServer.java:73)
	at org.apache.tomcat.websocket.server.WsHttpUpgradeHandler.upgradeDispatch(WsHttpUpgradeHandler.java:148)
	at org.apache.coyote.http11.upgrade.UpgradeProcessorInternal.dispatch(UpgradeProcessorInternal.java:54)
	at org.apache.coyote.AbstractProcessorLight.process(AbstractProcessorLight.java:53)
	at org.apache.coyote.AbstractProtocol$ConnectionHandler.process(AbstractProtocol.java:767)
	at org.apache.tomcat.util.net.NioEndpoint$SocketProcessor.doRun(NioEndpoint.java:1347)
	at org.apache.tomcat.util.net.SocketProcessorBase.run(SocketProcessorBase.java:49)
	at java.util.concurrent.ThreadPoolExecutor.runWorker(ThreadPoolExecutor.java:1142)
	at java.util.concurrent.ThreadPoolExecutor$Worker.run(ThreadPoolExecutor.java:617)
	at org.apache.tomcat.util.threads.TaskThread$WrappingRunnable.run(TaskThread.java:61)
	at java.lang.Thread.run(Thread.java:745)

31-Jan-2017 23:12:24.863 SEVERE [http-nio-8080-exec-13] org.apache.tomcat.websocket.pojo.PojoEndpointBase.onError No error handling configured for [org.sample.whiteboardapp.MyWhiteBoard] and the following error occurred
 java.io.EOFException
	at org.apache.tomcat.util.net.NioEndpoint$NioSocketWrapper.fillReadBuffer(NioEndpoint.java:1134)
	at org.apache.tomcat.util.net.NioEndpoint$NioSocketWrapper.read(NioEndpoint.java:1074)
	at org.apache.tomcat.websocket.server.WsFrameServer.onDataAvailable(WsFrameServer.java:63)
	at org.apache.tomcat.websocket.server.WsHttpUpgradeHandler.upgradeDispatch(WsHttpUpgradeHandler.java:148)
	at org.apache.coyote.http11.upgrade.UpgradeProcessorInternal.dispatch(UpgradeProcessorInternal.java:54)
	at org.apache.coyote.AbstractProcessorLight.process(AbstractProcessorLight.java:53)
	at org.apache.coyote.AbstractProtocol$ConnectionHandler.process(AbstractProtocol.java:767)
	at org.apache.tomcat.util.net.NioEndpoint$SocketProcessor.doRun(NioEndpoint.java:1347)
	at org.apache.tomcat.util.net.SocketProcessorBase.run(SocketProcessorBase.java:49)
	at java.util.concurrent.ThreadPoolExecutor.runWorker(ThreadPoolExecutor.java:1142)
	at java.util.concurrent.ThreadPoolExecutor$Worker.run(ThreadPoolExecutor.java:617)
	at org.apache.tomcat.util.threads.TaskThread$WrappingRunnable.run(TaskThread.java:61)
	at java.lang.Thread.run(Thread.java:745)

31-Jan-2017 23:14:51.339 INFO [http-nio-8080-exec-15] org.apache.catalina.core.StandardContext.reload Reloading Context with name [/WhiteBoardApp] has started
31-Jan-2017 23:14:51.369 INFO [http-nio-8080-exec-15] org.apache.jasper.servlet.TldScanner.scanJars At least one JAR was scanned for TLDs yet contained no TLDs. Enable debug logging for this logger for a complete list of JARs that were scanned but no TLDs were found in them. Skipping unneeded JARs during scanning can improve startup time and JSP compilation time.
31-Jan-2017 23:14:51.374 INFO [http-nio-8080-exec-15] org.apache.catalina.core.StandardContext.reload Reloading Context with name [/WhiteBoardApp] is completed
31-Jan-2017 23:15:05.995 INFO [http-nio-8080-exec-11] org.apache.catalina.core.StandardContext.reload Reloading Context with name [/WhiteBoardApp] has started
31-Jan-2017 23:15:06.014 INFO [http-nio-8080-exec-11] org.apache.jasper.servlet.TldScanner.scanJars At least one JAR was scanned for TLDs yet contained no TLDs. Enable debug logging for this logger for a complete list of JARs that were scanned but no TLDs were found in them. Skipping unneeded JARs during scanning can improve startup time and JSP compilation time.
31-Jan-2017 23:15:06.017 INFO [http-nio-8080-exec-11] org.apache.catalina.core.StandardContext.reload Reloading Context with name [/WhiteBoardApp] is completed
31-Jan-2017 23:15:18.106 INFO [http-nio-8080-exec-12] org.apache.catalina.core.StandardContext.reload Reloading Context with name [/WhiteBoardApp] has started
31-Jan-2017 23:15:18.133 INFO [http-nio-8080-exec-12] org.apache.jasper.servlet.TldScanner.scanJars At least one JAR was scanned for TLDs yet contained no TLDs. Enable debug logging for this logger for a complete list of JARs that were scanned but no TLDs were found in them. Skipping unneeded JARs during scanning can improve startup time and JSP compilation time.
31-Jan-2017 23:15:18.137 INFO [http-nio-8080-exec-12] org.apache.catalina.core.StandardContext.reload Reloading Context with name [/WhiteBoardApp] is completed
31-Jan-2017 23:15:22.779 INFO [http-nio-8080-exec-11] org.apache.catalina.core.StandardContext.reload Reloading Context with name [/WhiteBoardApp] has started
31-Jan-2017 23:15:22.817 INFO [http-nio-8080-exec-11] org.apache.jasper.servlet.TldScanner.scanJars At least one JAR was scanned for TLDs yet contained no TLDs. Enable debug logging for this logger for a complete list of JARs that were scanned but no TLDs were found in them. Skipping unneeded JARs during scanning can improve startup time and JSP compilation time.
31-Jan-2017 23:15:22.820 INFO [http-nio-8080-exec-11] org.apache.catalina.core.StandardContext.reload Reloading Context with name [/WhiteBoardApp] is completed
31-Jan-2017 23:43:56.363 INFO [http-nio-8080-exec-33] org.apache.catalina.core.StandardContext.reload Reloading Context with name [/HelloWeb] has started
31-Jan-2017 23:43:56.389 INFO [http-nio-8080-exec-33] org.apache.catalina.core.StandardContext.reload Reloading Context with name [/HelloWeb] is completed
31-Jan-2017 23:54:57.496 INFO [http-nio-8080-exec-41] org.apache.catalina.startup.HostConfig.deployDescriptor Deploying configuration descriptor /Users/codyperakslis/Code/webjava/conf/Catalina/localhost/Projects.xml
31-Jan-2017 23:54:57.529 INFO [http-nio-8080-exec-41] org.apache.catalina.startup.HostConfig.deployDescriptor Deployment of configuration descriptor /Users/codyperakslis/Code/webjava/conf/Catalina/localhost/Projects.xml has finished in 32 ms
31-Jan-2017 23:54:57.536 INFO [http-nio-8080-exec-35] org.apache.catalina.util.LifecycleBase.start The start() method was called on component [StandardEngine[Catalina].StandardHost[localhost].StandardContext[/Projects]] after start() had already been called. The second call will be ignored.
